<?xml version="1.0" encoding="UTF-8"?>
<!-- Generated by org.testng.reporters.JUnitReportReporter -->
<testsuite hostname="LNLA094P3034" name="com.qa.gmail.Gmail.GmailLoginTest" tests="1" failures="0" timestamp="16 Jan 2020 14:19:12 GMT" time="3.643" errors="0">
  <testcase name="enter_Url" time="3.643" classname="com.qa.gmail.Gmail.GmailLoginTest"/>
</testsuite> <!-- com.qa.gmail.Gmail.GmailLoginTest -->
